The system is: Linux - 4.15.0-169-generic - x86_64
Compiling the C compiler identification source file "CMakeCCompilerId.c" succeeded.
Compiler: /usr/bin/cc 
Build flags: 
Id flags:  

The output was:
0


Compilation of the C compiler identification source "CMakeCCompilerId.c" produced "a.out"

The C compiler identification is GNU, found in "/root/yolov8/build/CMakeFiles/3.16.8/CompilerIdC/a.out"

Compiling the CXX compiler identification source file "CMakeCXXCompilerId.cpp" succeeded.
Compiler: /opt/linux/x86-arm/aarch64-mix410-linux/bin/aarch64-mix410-linux-g++ 
Build flags: 
Id flags:  

The output was:
0


Compilation of the CXX compiler identification source "CMakeCXXCompilerId.cpp" produced "a.out"

The CXX compiler identification is GNU, found in "/root/yolov8/build/CMakeFiles/3.16.8/CompilerIdCXX/a.out"

Determining if the C compiler works passed with the following output:
Change Dir: /root/yolov8/build/CMakeFiles/CMakeTmp

Run Build Command(s):/usr/bin/make cmTC_9ed6a/fast && /usr/bin/make  -f CMakeFiles/cmTC_9ed6a.dir/build.make CMakeFiles/cmTC_9ed6a.dir/build
make[1]: Entering directory '/root/yolov8/build/CMakeFiles/CMakeTmp'
Building C object CMakeFiles/cmTC_9ed6a.dir/testCCompiler.c.o
/usr/bin/cc    -o CMakeFiles/cmTC_9ed6a.dir/testCCompiler.c.o   -c /root/yolov8/build/CMakeFiles/CMakeTmp/testCCompiler.c
Linking C executable cmTC_9ed6a
/root/cmake-3.16.8-Linux-x86_64/bin/cmake -E cmake_link_script CMakeFiles/cmTC_9ed6a.dir/link.txt --verbose=1
/usr/bin/cc      CMakeFiles/cmTC_9ed6a.dir/testCCompiler.c.o  -o cmTC_9ed6a 
make[1]: Leaving directory '/root/yolov8/build/CMakeFiles/CMakeTmp'



Detecting C compiler ABI info compiled with the following output:
Change Dir: /root/yolov8/build/CMakeFiles/CMakeTmp

Run Build Command(s):/usr/bin/make cmTC_502b5/fast && /usr/bin/make  -f CMakeFiles/cmTC_502b5.dir/build.make CMakeFiles/cmTC_502b5.dir/build
make[1]: Entering directory '/root/yolov8/build/CMakeFiles/CMakeTmp'
Building C object CMakeFiles/cmTC_502b5.dir/CMakeCCompilerABI.c.o
/usr/bin/cc   -v -o CMakeFiles/cmTC_502b5.dir/CMakeCCompilerABI.c.o   -c /root/cmake-3.16.8-Linux-x86_64/share/cmake-3.16/Modules/CMakeCCompilerABI.c
Using built-in specs.
COLLECT_GCC=/usr/bin/cc
OFFLOAD_TARGET_NAMES=nvptx-none
OFFLOAD_TARGET_DEFAULT=1
Target: x86_64-linux-gnu
Configured with: ../src/configure -v --with-pkgversion='Ubuntu 7.5.0-3ubuntu1~18.04' --with-bugurl=file:///usr/share/doc/gcc-7/README.Bugs --enable-languages=c,ada,c++,go,brig,d,fortran,objc,obj-c++ --prefix=/usr --with-gcc-major-version-only --program-suffix=-7 --program-prefix=x86_64-linux-gnu- --enable-shared --enable-linker-build-id --libexecdir=/usr/lib --without-included-gettext --enable-threads=posix --libdir=/usr/lib --enable-nls --enable-bootstrap --enable-clocale=gnu --enable-libstdcxx-debug --enable-libstdcxx-time=yes --with-default-libstdcxx-abi=new --enable-gnu-unique-object --disable-vtable-verify --enable-libmpx --enable-plugin --enable-default-pie --with-system-zlib --with-target-system-zlib --enable-objc-gc=auto --enable-multiarch --disable-werror --with-arch-32=i686 --with-abi=m64 --with-multilib-list=m32,m64,mx32 --enable-multilib --with-tune=generic --enable-offload-targets=nvptx-none --without-cuda-driver --enable-checking=release --build=x86_64-linux-gnu --host=x86_64-linux-gnu --target=x86_64-linux-gnu
Thread model: posix
gcc version 7.5.0 (Ubuntu 7.5.0-3ubuntu1~18.04) 
COLLECT_GCC_OPTIONS='-v' '-o' 'CMakeFiles/cmTC_502b5.dir/CMakeCCompilerABI.c.o' '-c' '-mtune=generic' '-march=x86-64'
 /usr/lib/gcc/x86_64-linux-gnu/7/cc1 -quiet -v -imultiarch x86_64-linux-gnu /root/cmake-3.16.8-Linux-x86_64/share/cmake-3.16/Modules/CMakeCCompilerABI.c -quiet -dumpbase CMakeCCompilerABI.c -mtune=generic -march=x86-64 -auxbase-strip CMakeFiles/cmTC_502b5.dir/CMakeCCompilerABI.c.o -version -fstack-protector-strong -Wformat -Wformat-security -o /tmp/cceafJ0q.s
GNU C11 (Ubuntu 7.5.0-3ubuntu1~18.04) version 7.5.0 (x86_64-linux-gnu)
	compiled by GNU C version 7.5.0, GMP version 6.1.2, MPFR version 4.0.1, MPC version 1.1.0, isl version isl-0.19-GMP

GGC heuristics: --param ggc-min-expand=100 --param ggc-min-heapsize=131072
ignoring nonexistent directory "/usr/local/include/x86_64-linux-gnu"
ignoring nonexistent directory "/usr/lib/gcc/x86_64-linux-gnu/7/../../../../x86_64-linux-gnu/include"
#include "..." search starts here:
#include <...> search starts here:
 /usr/lib/gcc/x86_64-linux-gnu/7/include
 /usr/local/include
 /usr/lib/gcc/x86_64-linux-gnu/7/include-fixed
 /usr/include/x86_64-linux-gnu
 /usr/include
End of search list.
GNU C11 (Ubuntu 7.5.0-3ubuntu1~18.04) version 7.5.0 (x86_64-linux-gnu)
	compiled by GNU C version 7.5.0, GMP version 6.1.2, MPFR version 4.0.1, MPC version 1.1.0, isl version isl-0.19-GMP

GGC heuristics: --param ggc-min-expand=100 --param ggc-min-heapsize=131072
Compiler executable checksum: b62ed4a2880cd4159476ea8293b72fa8
COLLECT_GCC_OPTIONS='-v' '-o' 'CMakeFiles/cmTC_502b5.dir/CMakeCCompilerABI.c.o' '-c' '-mtune=generic' '-march=x86-64'
 as -v --64 -o CMakeFiles/cmTC_502b5.dir/CMakeCCompilerABI.c.o /tmp/cceafJ0q.s
GNU assembler version 2.30 (x86_64-linux-gnu) using BFD version (GNU Binutils for Ubuntu) 2.30
COMPILER_PATH=/usr/lib/gcc/x86_64-linux-gnu/7/:/usr/lib/gcc/x86_64-linux-gnu/7/:/usr/lib/gcc/x86_64-linux-gnu/:/usr/lib/gcc/x86_64-linux-gnu/7/:/usr/lib/gcc/x86_64-linux-gnu/
LIBRARY_PATH=/usr/lib/gcc/x86_64-linux-gnu/7/:/usr/lib/gcc/x86_64-linux-gnu/7/../../../x86_64-linux-gnu/:/usr/lib/gcc/x86_64-linux-gnu/7/../../../../lib/:/lib/x86_64-linux-gnu/:/lib/../lib/:/usr/lib/x86_64-linux-gnu/:/usr/lib/../lib/:/usr/lib/gcc/x86_64-linux-gnu/7/../../../:/lib/:/usr/lib/
COLLECT_GCC_OPTIONS='-v' '-o' 'CMakeFiles/cmTC_502b5.dir/CMakeCCompilerABI.c.o' '-c' '-mtune=generic' '-march=x86-64'
Linking C executable cmTC_502b5
/root/cmake-3.16.8-Linux-x86_64/bin/cmake -E cmake_link_script CMakeFiles/cmTC_502b5.dir/link.txt --verbose=1
/usr/bin/cc     -v CMakeFiles/cmTC_502b5.dir/CMakeCCompilerABI.c.o  -o cmTC_502b5 
Using built-in specs.
COLLECT_GCC=/usr/bin/cc
COLLECT_LTO_WRAPPER=/usr/lib/gcc/x86_64-linux-gnu/7/lto-wrapper
OFFLOAD_TARGET_NAMES=nvptx-none
OFFLOAD_TARGET_DEFAULT=1
Target: x86_64-linux-gnu
Configured with: ../src/configure -v --with-pkgversion='Ubuntu 7.5.0-3ubuntu1~18.04' --with-bugurl=file:///usr/share/doc/gcc-7/README.Bugs --enable-languages=c,ada,c++,go,brig,d,fortran,objc,obj-c++ --prefix=/usr --with-gcc-major-version-only --program-suffix=-7 --program-prefix=x86_64-linux-gnu- --enable-shared --enable-linker-build-id --libexecdir=/usr/lib --without-included-gettext --enable-threads=posix --libdir=/usr/lib --enable-nls --enable-bootstrap --enable-clocale=gnu --enable-libstdcxx-debug --enable-libstdcxx-time=yes --with-default-libstdcxx-abi=new --enable-gnu-unique-object --disable-vtable-verify --enable-libmpx --enable-plugin --enable-default-pie --with-system-zlib --with-target-system-zlib --enable-objc-gc=auto --enable-multiarch --disable-werror --with-arch-32=i686 --with-abi=m64 --with-multilib-list=m32,m64,mx32 --enable-multilib --with-tune=generic --enable-offload-targets=nvptx-none --without-cuda-driver --enable-checking=release --build=x86_64-linux-gnu --host=x86_64-linux-gnu --target=x86_64-linux-gnu
Thread model: posix
gcc version 7.5.0 (Ubuntu 7.5.0-3ubuntu1~18.04) 
COMPILER_PATH=/usr/lib/gcc/x86_64-linux-gnu/7/:/usr/lib/gcc/x86_64-linux-gnu/7/:/usr/lib/gcc/x86_64-linux-gnu/:/usr/lib/gcc/x86_64-linux-gnu/7/:/usr/lib/gcc/x86_64-linux-gnu/
LIBRARY_PATH=/usr/lib/gcc/x86_64-linux-gnu/7/:/usr/lib/gcc/x86_64-linux-gnu/7/../../../x86_64-linux-gnu/:/usr/lib/gcc/x86_64-linux-gnu/7/../../../../lib/:/lib/x86_64-linux-gnu/:/lib/../lib/:/usr/lib/x86_64-linux-gnu/:/usr/lib/../lib/:/usr/lib/gcc/x86_64-linux-gnu/7/../../../:/lib/:/usr/lib/
COLLECT_GCC_OPTIONS='-v' '-o' 'cmTC_502b5' '-mtune=generic' '-march=x86-64'
 /usr/lib/gcc/x86_64-linux-gnu/7/collect2 -plugin /usr/lib/gcc/x86_64-linux-gnu/7/liblto_plugin.so -plugin-opt=/usr/lib/gcc/x86_64-linux-gnu/7/lto-wrapper -plugin-opt=-fresolution=/tmp/ccyjlHct.res -plugin-opt=-pass-through=-lgcc -plugin-opt=-pass-through=-lgcc_s -plugin-opt=-pass-through=-lc -plugin-opt=-pass-through=-lgcc -plugin-opt=-pass-through=-lgcc_s --build-id --eh-frame-hdr -m elf_x86_64 --hash-style=gnu --as-needed -dynamic-linker /lib64/ld-linux-x86-64.so.2 -pie -z now -z relro -o cmTC_502b5 /usr/lib/gcc/x86_64-linux-gnu/7/../../../x86_64-linux-gnu/Scrt1.o /usr/lib/gcc/x86_64-linux-gnu/7/../../../x86_64-linux-gnu/crti.o /usr/lib/gcc/x86_64-linux-gnu/7/crtbeginS.o -L/usr/lib/gcc/x86_64-linux-gnu/7 -L/usr/lib/gcc/x86_64-linux-gnu/7/../../../x86_64-linux-gnu -L/usr/lib/gcc/x86_64-linux-gnu/7/../../../../lib -L/lib/x86_64-linux-gnu -L/lib/../lib -L/usr/lib/x86_64-linux-gnu -L/usr/lib/../lib -L/usr/lib/gcc/x86_64-linux-gnu/7/../../.. CMakeFiles/cmTC_502b5.dir/CMakeCCompilerABI.c.o -lgcc --push-state --as-needed -lgcc_s --pop-state -lc -lgcc --push-state --as-needed -lgcc_s --pop-state /usr/lib/gcc/x86_64-linux-gnu/7/crtendS.o /usr/lib/gcc/x86_64-linux-gnu/7/../../../x86_64-linux-gnu/crtn.o
COLLECT_GCC_OPTIONS='-v' '-o' 'cmTC_502b5' '-mtune=generic' '-march=x86-64'
make[1]: Leaving directory '/root/yolov8/build/CMakeFiles/CMakeTmp'



Parsed C implicit include dir info from above output: rv=done
  found start of include info
  found start of implicit include info
    add: [/usr/lib/gcc/x86_64-linux-gnu/7/include]
    add: [/usr/local/include]
    add: [/usr/lib/gcc/x86_64-linux-gnu/7/include-fixed]
    add: [/usr/include/x86_64-linux-gnu]
    add: [/usr/include]
  end of search list found
  collapse include dir [/usr/lib/gcc/x86_64-linux-gnu/7/include] ==> [/usr/lib/gcc/x86_64-linux-gnu/7/include]
  collapse include dir [/usr/local/include] ==> [/usr/local/include]
  collapse include dir [/usr/lib/gcc/x86_64-linux-gnu/7/include-fixed] ==> [/usr/lib/gcc/x86_64-linux-gnu/7/include-fixed]
  collapse include dir [/usr/include/x86_64-linux-gnu] ==> [/usr/include/x86_64-linux-gnu]
  collapse include dir [/usr/include] ==> [/usr/include]
  implicit include dirs: [/usr/lib/gcc/x86_64-linux-gnu/7/include;/usr/local/include;/usr/lib/gcc/x86_64-linux-gnu/7/include-fixed;/usr/include/x86_64-linux-gnu;/usr/include]


Parsed C implicit link information from above output:
  link line regex: [^( *|.*[/\])(ld|CMAKE_LINK_STARTFILE-NOTFOUND|([^/\]+-)?ld|collect2)[^/\]*( |$)]
  ignore line: [Change Dir: /root/yolov8/build/CMakeFiles/CMakeTmp]
  ignore line: []
  ignore line: [Run Build Command(s):/usr/bin/make cmTC_502b5/fast && /usr/bin/make  -f CMakeFiles/cmTC_502b5.dir/build.make CMakeFiles/cmTC_502b5.dir/build]
  ignore line: [make[1]: Entering directory '/root/yolov8/build/CMakeFiles/CMakeTmp']
  ignore line: [Building C object CMakeFiles/cmTC_502b5.dir/CMakeCCompilerABI.c.o]
  ignore line: [/usr/bin/cc   -v -o CMakeFiles/cmTC_502b5.dir/CMakeCCompilerABI.c.o   -c /root/cmake-3.16.8-Linux-x86_64/share/cmake-3.16/Modules/CMakeCCompilerABI.c]
  ignore line: [Using built-in specs.]
  ignore line: [COLLECT_GCC=/usr/bin/cc]
  ignore line: [OFFLOAD_TARGET_NAMES=nvptx-none]
  ignore line: [OFFLOAD_TARGET_DEFAULT=1]
  ignore line: [Target: x86_64-linux-gnu]
  ignore line: [Configured with: ../src/configure -v --with-pkgversion='Ubuntu 7.5.0-3ubuntu1~18.04' --with-bugurl=file:///usr/share/doc/gcc-7/README.Bugs --enable-languages=c ada c++ go brig d fortran objc obj-c++ --prefix=/usr --with-gcc-major-version-only --program-suffix=-7 --program-prefix=x86_64-linux-gnu- --enable-shared --enable-linker-build-id --libexecdir=/usr/lib --without-included-gettext --enable-threads=posix --libdir=/usr/lib --enable-nls --enable-bootstrap --enable-clocale=gnu --enable-libstdcxx-debug --enable-libstdcxx-time=yes --with-default-libstdcxx-abi=new --enable-gnu-unique-object --disable-vtable-verify --enable-libmpx --enable-plugin --enable-default-pie --with-system-zlib --with-target-system-zlib --enable-objc-gc=auto --enable-multiarch --disable-werror --with-arch-32=i686 --with-abi=m64 --with-multilib-list=m32 m64 mx32 --enable-multilib --with-tune=generic --enable-offload-targets=nvptx-none --without-cuda-driver --enable-checking=release --build=x86_64-linux-gnu --host=x86_64-linux-gnu --target=x86_64-linux-gnu]
  ignore line: [Thread model: posix]
  ignore line: [gcc version 7.5.0 (Ubuntu 7.5.0-3ubuntu1~18.04) ]
  ignore line: [COLLECT_GCC_OPTIONS='-v' '-o' 'CMakeFiles/cmTC_502b5.dir/CMakeCCompilerABI.c.o' '-c' '-mtune=generic' '-march=x86-64']
  ignore line: [ /usr/lib/gcc/x86_64-linux-gnu/7/cc1 -quiet -v -imultiarch x86_64-linux-gnu /root/cmake-3.16.8-Linux-x86_64/share/cmake-3.16/Modules/CMakeCCompilerABI.c -quiet -dumpbase CMakeCCompilerABI.c -mtune=generic -march=x86-64 -auxbase-strip CMakeFiles/cmTC_502b5.dir/CMakeCCompilerABI.c.o -version -fstack-protector-strong -Wformat -Wformat-security -o /tmp/cceafJ0q.s]
  ignore line: [GNU C11 (Ubuntu 7.5.0-3ubuntu1~18.04) version 7.5.0 (x86_64-linux-gnu)]
  ignore line: [	compiled by GNU C version 7.5.0  GMP version 6.1.2  MPFR version 4.0.1  MPC version 1.1.0  isl version isl-0.19-GMP]
  ignore line: []
  ignore line: [GGC heuristics: --param ggc-min-expand=100 --param ggc-min-heapsize=131072]
  ignore line: [ignoring nonexistent directory "/usr/local/include/x86_64-linux-gnu"]
  ignore line: [ignoring nonexistent directory "/usr/lib/gcc/x86_64-linux-gnu/7/../../../../x86_64-linux-gnu/include"]
  ignore line: [#include "..." search starts here:]
  ignore line: [#include <...> search starts here:]
  ignore line: [ /usr/lib/gcc/x86_64-linux-gnu/7/include]
  ignore line: [ /usr/local/include]
  ignore line: [ /usr/lib/gcc/x86_64-linux-gnu/7/include-fixed]
  ignore line: [ /usr/include/x86_64-linux-gnu]
  ignore line: [ /usr/include]
  ignore line: [End of search list.]
  ignore line: [GNU C11 (Ubuntu 7.5.0-3ubuntu1~18.04) version 7.5.0 (x86_64-linux-gnu)]
  ignore line: [	compiled by GNU C version 7.5.0  GMP version 6.1.2  MPFR version 4.0.1  MPC version 1.1.0  isl version isl-0.19-GMP]
  ignore line: []
  ignore line: [GGC heuristics: --param ggc-min-expand=100 --param ggc-min-heapsize=131072]
  ignore line: [Compiler executable checksum: b62ed4a2880cd4159476ea8293b72fa8]
  ignore line: [COLLECT_GCC_OPTIONS='-v' '-o' 'CMakeFiles/cmTC_502b5.dir/CMakeCCompilerABI.c.o' '-c' '-mtune=generic' '-march=x86-64']
  ignore line: [ as -v --64 -o CMakeFiles/cmTC_502b5.dir/CMakeCCompilerABI.c.o /tmp/cceafJ0q.s]
  ignore line: [GNU assembler version 2.30 (x86_64-linux-gnu) using BFD version (GNU Binutils for Ubuntu) 2.30]
  ignore line: [COMPILER_PATH=/usr/lib/gcc/x86_64-linux-gnu/7/:/usr/lib/gcc/x86_64-linux-gnu/7/:/usr/lib/gcc/x86_64-linux-gnu/:/usr/lib/gcc/x86_64-linux-gnu/7/:/usr/lib/gcc/x86_64-linux-gnu/]
  ignore line: [LIBRARY_PATH=/usr/lib/gcc/x86_64-linux-gnu/7/:/usr/lib/gcc/x86_64-linux-gnu/7/../../../x86_64-linux-gnu/:/usr/lib/gcc/x86_64-linux-gnu/7/../../../../lib/:/lib/x86_64-linux-gnu/:/lib/../lib/:/usr/lib/x86_64-linux-gnu/:/usr/lib/../lib/:/usr/lib/gcc/x86_64-linux-gnu/7/../../../:/lib/:/usr/lib/]
  ignore line: [COLLECT_GCC_OPTIONS='-v' '-o' 'CMakeFiles/cmTC_502b5.dir/CMakeCCompilerABI.c.o' '-c' '-mtune=generic' '-march=x86-64']
  ignore line: [Linking C executable cmTC_502b5]
  ignore line: [/root/cmake-3.16.8-Linux-x86_64/bin/cmake -E cmake_link_script CMakeFiles/cmTC_502b5.dir/link.txt --verbose=1]
  ignore line: [/usr/bin/cc     -v CMakeFiles/cmTC_502b5.dir/CMakeCCompilerABI.c.o  -o cmTC_502b5 ]
  ignore line: [Using built-in specs.]
  ignore line: [COLLECT_GCC=/usr/bin/cc]
  ignore line: [COLLECT_LTO_WRAPPER=/usr/lib/gcc/x86_64-linux-gnu/7/lto-wrapper]
  ignore line: [OFFLOAD_TARGET_NAMES=nvptx-none]
  ignore line: [OFFLOAD_TARGET_DEFAULT=1]
  ignore line: [Target: x86_64-linux-gnu]
  ignore line: [Configured with: ../src/configure -v --with-pkgversion='Ubuntu 7.5.0-3ubuntu1~18.04' --with-bugurl=file:///usr/share/doc/gcc-7/README.Bugs --enable-languages=c ada c++ go brig d fortran objc obj-c++ --prefix=/usr --with-gcc-major-version-only --program-suffix=-7 --program-prefix=x86_64-linux-gnu- --enable-shared --enable-linker-build-id --libexecdir=/usr/lib --without-included-gettext --enable-threads=posix --libdir=/usr/lib --enable-nls --enable-bootstrap --enable-clocale=gnu --enable-libstdcxx-debug --enable-libstdcxx-time=yes --with-default-libstdcxx-abi=new --enable-gnu-unique-object --disable-vtable-verify --enable-libmpx --enable-plugin --enable-default-pie --with-system-zlib --with-target-system-zlib --enable-objc-gc=auto --enable-multiarch --disable-werror --with-arch-32=i686 --with-abi=m64 --with-multilib-list=m32 m64 mx32 --enable-multilib --with-tune=generic --enable-offload-targets=nvptx-none --without-cuda-driver --enable-checking=release --build=x86_64-linux-gnu --host=x86_64-linux-gnu --target=x86_64-linux-gnu]
  ignore line: [Thread model: posix]
  ignore line: [gcc version 7.5.0 (Ubuntu 7.5.0-3ubuntu1~18.04) ]
  ignore line: [COMPILER_PATH=/usr/lib/gcc/x86_64-linux-gnu/7/:/usr/lib/gcc/x86_64-linux-gnu/7/:/usr/lib/gcc/x86_64-linux-gnu/:/usr/lib/gcc/x86_64-linux-gnu/7/:/usr/lib/gcc/x86_64-linux-gnu/]
  ignore line: [LIBRARY_PATH=/usr/lib/gcc/x86_64-linux-gnu/7/:/usr/lib/gcc/x86_64-linux-gnu/7/../../../x86_64-linux-gnu/:/usr/lib/gcc/x86_64-linux-gnu/7/../../../../lib/:/lib/x86_64-linux-gnu/:/lib/../lib/:/usr/lib/x86_64-linux-gnu/:/usr/lib/../lib/:/usr/lib/gcc/x86_64-linux-gnu/7/../../../:/lib/:/usr/lib/]
  ignore line: [COLLECT_GCC_OPTIONS='-v' '-o' 'cmTC_502b5' '-mtune=generic' '-march=x86-64']
  link line: [ /usr/lib/gcc/x86_64-linux-gnu/7/collect2 -plugin /usr/lib/gcc/x86_64-linux-gnu/7/liblto_plugin.so -plugin-opt=/usr/lib/gcc/x86_64-linux-gnu/7/lto-wrapper -plugin-opt=-fresolution=/tmp/ccyjlHct.res -plugin-opt=-pass-through=-lgcc -plugin-opt=-pass-through=-lgcc_s -plugin-opt=-pass-through=-lc -plugin-opt=-pass-through=-lgcc -plugin-opt=-pass-through=-lgcc_s --build-id --eh-frame-hdr -m elf_x86_64 --hash-style=gnu --as-needed -dynamic-linker /lib64/ld-linux-x86-64.so.2 -pie -z now -z relro -o cmTC_502b5 /usr/lib/gcc/x86_64-linux-gnu/7/../../../x86_64-linux-gnu/Scrt1.o /usr/lib/gcc/x86_64-linux-gnu/7/../../../x86_64-linux-gnu/crti.o /usr/lib/gcc/x86_64-linux-gnu/7/crtbeginS.o -L/usr/lib/gcc/x86_64-linux-gnu/7 -L/usr/lib/gcc/x86_64-linux-gnu/7/../../../x86_64-linux-gnu -L/usr/lib/gcc/x86_64-linux-gnu/7/../../../../lib -L/lib/x86_64-linux-gnu -L/lib/../lib -L/usr/lib/x86_64-linux-gnu -L/usr/lib/../lib -L/usr/lib/gcc/x86_64-linux-gnu/7/../../.. CMakeFiles/cmTC_502b5.dir/CMakeCCompilerABI.c.o -lgcc --push-state --as-needed -lgcc_s --pop-state -lc -lgcc --push-state --as-needed -lgcc_s --pop-state /usr/lib/gcc/x86_64-linux-gnu/7/crtendS.o /usr/lib/gcc/x86_64-linux-gnu/7/../../../x86_64-linux-gnu/crtn.o]
    arg [/usr/lib/gcc/x86_64-linux-gnu/7/collect2] ==> ignore
    arg [-plugin] ==> ignore
    arg [/usr/lib/gcc/x86_64-linux-gnu/7/liblto_plugin.so] ==> ignore
    arg [-plugin-opt=/usr/lib/gcc/x86_64-linux-gnu/7/lto-wrapper] ==> ignore
    arg [-plugin-opt=-fresolution=/tmp/ccyjlHct.res] ==> ignore
    arg [-plugin-opt=-pass-through=-lgcc] ==> ignore
    arg [-plugin-opt=-pass-through=-lgcc_s] ==> ignore
    arg [-plugin-opt=-pass-through=-lc] ==> ignore
    arg [-plugin-opt=-pass-through=-lgcc] ==> ignore
    arg [-plugin-opt=-pass-through=-lgcc_s] ==> ignore
    arg [--build-id] ==> ignore
    arg [--eh-frame-hdr] ==> ignore
    arg [-m] ==> ignore
    arg [elf_x86_64] ==> ignore
    arg [--hash-style=gnu] ==> ignore
    arg [--as-needed] ==> ignore
    arg [-dynamic-linker] ==> ignore
    arg [/lib64/ld-linux-x86-64.so.2] ==> ignore
    arg [-pie] ==> ignore
    arg [-znow] ==> ignore
    arg [-zrelro] ==> ignore
    arg [-o] ==> ignore
    arg [cmTC_502b5] ==> ignore
    arg [/usr/lib/gcc/x86_64-linux-gnu/7/../../../x86_64-linux-gnu/Scrt1.o] ==> ignore
    arg [/usr/lib/gcc/x86_64-linux-gnu/7/../../../x86_64-linux-gnu/crti.o] ==> ignore
    arg [/usr/lib/gcc/x86_64-linux-gnu/7/crtbeginS.o] ==> ignore
    arg [-L/usr/lib/gcc/x86_64-linux-gnu/7] ==> dir [/usr/lib/gcc/x86_64-linux-gnu/7]
    arg [-L/usr/lib/gcc/x86_64-linux-gnu/7/../../../x86_64-linux-gnu] ==> dir [/usr/lib/gcc/x86_64-linux-gnu/7/../../../x86_64-linux-gnu]
    arg [-L/usr/lib/gcc/x86_64-linux-gnu/7/../../../../lib] ==> dir [/usr/lib/gcc/x86_64-linux-gnu/7/../../../../lib]
    arg [-L/lib/x86_64-linux-gnu] ==> dir [/lib/x86_64-linux-gnu]
    arg [-L/lib/../lib] ==> dir [/lib/../lib]
    arg [-L/usr/lib/x86_64-linux-gnu] ==> dir [/usr/lib/x86_64-linux-gnu]
    arg [-L/usr/lib/../lib] ==> dir [/usr/lib/../lib]
    arg [-L/usr/lib/gcc/x86_64-linux-gnu/7/../../..] ==> dir [/usr/lib/gcc/x86_64-linux-gnu/7/../../..]
    arg [CMakeFiles/cmTC_502b5.dir/CMakeCCompilerABI.c.o] ==> ignore
    arg [-lgcc] ==> lib [gcc]
    arg [--push-state] ==> ignore
    arg [--as-needed] ==> ignore
    arg [-lgcc_s] ==> lib [gcc_s]
    arg [--pop-state] ==> ignore
    arg [-lc] ==> lib [c]
    arg [-lgcc] ==> lib [gcc]
    arg [--push-state] ==> ignore
    arg [--as-needed] ==> ignore
    arg [-lgcc_s] ==> lib [gcc_s]
    arg [--pop-state] ==> ignore
    arg [/usr/lib/gcc/x86_64-linux-gnu/7/crtendS.o] ==> ignore
    arg [/usr/lib/gcc/x86_64-linux-gnu/7/../../../x86_64-linux-gnu/crtn.o] ==> ignore
  collapse library dir [/usr/lib/gcc/x86_64-linux-gnu/7] ==> [/usr/lib/gcc/x86_64-linux-gnu/7]
  collapse library dir [/usr/lib/gcc/x86_64-linux-gnu/7/../../../x86_64-linux-gnu] ==> [/usr/lib/x86_64-linux-gnu]
  collapse library dir [/usr/lib/gcc/x86_64-linux-gnu/7/../../../../lib] ==> [/usr/lib]
  collapse library dir [/lib/x86_64-linux-gnu] ==> [/lib/x86_64-linux-gnu]
  collapse library dir [/lib/../lib] ==> [/lib]
  collapse library dir [/usr/lib/x86_64-linux-gnu] ==> [/usr/lib/x86_64-linux-gnu]
  collapse library dir [/usr/lib/../lib] ==> [/usr/lib]
  collapse library dir [/usr/lib/gcc/x86_64-linux-gnu/7/../../..] ==> [/usr/lib]
  implicit libs: [gcc;gcc_s;c;gcc;gcc_s]
  implicit dirs: [/usr/lib/gcc/x86_64-linux-gnu/7;/usr/lib/x86_64-linux-gnu;/usr/lib;/lib/x86_64-linux-gnu;/lib]
  implicit fwks: []


Determining if the CXX compiler works passed with the following output:
Change Dir: /root/yolov8/build/CMakeFiles/CMakeTmp

Run Build Command(s):/usr/bin/make cmTC_129aa/fast && /usr/bin/make  -f CMakeFiles/cmTC_129aa.dir/build.make CMakeFiles/cmTC_129aa.dir/build
make[1]: Entering directory '/root/yolov8/build/CMakeFiles/CMakeTmp'
Building CXX object CMakeFiles/cmTC_129aa.dir/testCXXCompiler.cxx.o
/opt/linux/x86-arm/aarch64-mix410-linux/bin/aarch64-mix410-linux-g++     -o CMakeFiles/cmTC_129aa.dir/testCXXCompiler.cxx.o -c /root/yolov8/build/CMakeFiles/CMakeTmp/testCXXCompiler.cxx
Linking CXX executable cmTC_129aa
/root/cmake-3.16.8-Linux-x86_64/bin/cmake -E cmake_link_script CMakeFiles/cmTC_129aa.dir/link.txt --verbose=1
/opt/linux/x86-arm/aarch64-mix410-linux/bin/aarch64-mix410-linux-g++       CMakeFiles/cmTC_129aa.dir/testCXXCompiler.cxx.o  -o cmTC_129aa 
make[1]: Leaving directory '/root/yolov8/build/CMakeFiles/CMakeTmp'



Detecting CXX compiler ABI info compiled with the following output:
Change Dir: /root/yolov8/build/CMakeFiles/CMakeTmp

Run Build Command(s):/usr/bin/make cmTC_ffac1/fast && /usr/bin/make  -f CMakeFiles/cmTC_ffac1.dir/build.make CMakeFiles/cmTC_ffac1.dir/build
make[1]: Entering directory '/root/yolov8/build/CMakeFiles/CMakeTmp'
Building CXX object CMakeFiles/cmTC_ffac1.dir/CMakeCXXCompilerABI.cpp.o
/opt/linux/x86-arm/aarch64-mix410-linux/bin/aarch64-mix410-linux-g++    -v -o CMakeFiles/cmTC_ffac1.dir/CMakeCXXCompilerABI.cpp.o -c /root/cmake-3.16.8-Linux-x86_64/share/cmake-3.16/Modules/CMakeCXXCompilerABI.cpp
Using built-in specs.
COLLECT_GCC=/opt/linux/x86-arm/aarch64-mix410-linux/bin/aarch64-mix410-linux-g++
Target: aarch64-linux-gnu
Configured with: /home/usr1/mix5/build/aarch64-mix410-linux/../../open_source/aarch64-mix410-linux_src/gcc/configure --build=x86_64-linux-gnu --host=x86_64-linux-gnu --target=aarch64-linux-gnu --with-arch=armv8-a --prefix=/home/usr1/mix5/build/aarch64-mix410-linux/aarch64_mix410_build_dir/aarch64_mix410 --enable-symvers=gnu --enable-threads --disable-libmudflap --enable-__cxa_atexit --disable-libssp --enable-gold=yes --disable-libstdcxx-pch --disable-multilib --enable-multiarch --with-gnu-as --with-gnu-ld --enable-libgomp --enable-libatomic --enable-gnu-indirect-function --enable-checking=yes --enable-lto --enable-c99 --enable-long-long --enable-nls --enable-fix-cortex-a53-835769 --enable-fix-cortex-a53-843419 --enable-shared --enable-poison-system-directories --disable-libitm --with-pkgversion='GCC glibc-2.31 2022-03-01 16:58:50' --enable-languages=c,c++ --with-headers=/home/usr1/mix5/build/aarch64-mix410-linux/aarch64_mix410_build_dir/aarch64_mix410/target/usr/include --with-sysroot=/home/usr1/mix5/build/aarch64-mix410-linux/aarch64_mix410_build_dir/aarch64_mix410/target --with-build-sysroot=/home/usr1/mix5/build/aarch64-mix410-linux/aarch64_mix410_build_dir/aarch64_mix410/target --with-gmp=/home/usr1/mix5/build/aarch64-mix410-linux/aarch64_mix410_build_dir/obj/host-libs/usr --with-isl=/home/usr1/mix5/build/aarch64-mix410-linux/aarch64_mix410_build_dir/obj/host-libs/usr --with-mpfr=/home/usr1/mix5/build/aarch64-mix410-linux/aarch64_mix410_build_dir/obj/host-libs/usr --with-mpc=/home/usr1/mix5/build/aarch64-mix410-linux/aarch64_mix410_build_dir/obj/host-libs/usr --with-build-time-tools=/home/usr1/mix5/build/aarch64-mix410-linux/aarch64_mix410_build_dir/aarch64_mix410/aarch64-linux-gnu/bin --libdir=/home/usr1/mix5/build/aarch64-mix410-linux/aarch64_mix410_build_dir/aarch64_mix410/lib --disable-bootstrap --with-system-zlib
Thread model: posix
Supported LTO compression algorithms: zlib
gcc version 10.3.0 (GCC glibc-2.31 2022-03-01 16:58:50) 
COLLECT_GCC_OPTIONS='-v' '-o' 'CMakeFiles/cmTC_ffac1.dir/CMakeCXXCompilerABI.cpp.o' '-c' '-shared-libgcc' '-march=armv8-a' '-mlittle-endian' '-mabi=lp64'
 /opt/linux/x86-arm/aarch64-mix410-linux/host_bin/../libexec/gcc/aarch64-linux-gnu/10.3.0/cc1plus -quiet -v -imultiarch aarch64-linux-gnu -iprefix /opt/linux/x86-arm/aarch64-mix410-linux/host_bin/../lib/gcc/aarch64-linux-gnu/10.3.0/ -isysroot /opt/linux/x86-arm/aarch64-mix410-linux/host_bin/../target -D_GNU_SOURCE /root/cmake-3.16.8-Linux-x86_64/share/cmake-3.16/Modules/CMakeCXXCompilerABI.cpp -quiet -dumpbase CMakeCXXCompilerABI.cpp -march=armv8-a -mlittle-endian -mabi=lp64 -auxbase-strip CMakeFiles/cmTC_ffac1.dir/CMakeCXXCompilerABI.cpp.o -version -o /tmp/ccxw33VB.s
GNU C++14 (GCC glibc-2.31 2022-03-01 16:58:50) version 10.3.0 (aarch64-linux-gnu)
	compiled by GNU C version 7.5.0, GMP version 6.2.1, MPFR version 4.0.2, MPC version 1.1.0, isl version isl-0.19-GMP

GGC heuristics: --param ggc-min-expand=30 --param ggc-min-heapsize=4096
ignoring duplicate directory "/opt/linux/x86-arm/aarch64-mix410-linux/host_bin/../lib/gcc/../../lib/gcc/aarch64-linux-gnu/10.3.0/../../../../aarch64-linux-gnu/include/c++/10.3.0"
ignoring duplicate directory "/opt/linux/x86-arm/aarch64-mix410-linux/host_bin/../lib/gcc/../../lib/gcc/aarch64-linux-gnu/10.3.0/../../../../aarch64-linux-gnu/include/c++/10.3.0/aarch64-linux-gnu"
ignoring duplicate directory "/opt/linux/x86-arm/aarch64-mix410-linux/host_bin/../lib/gcc/../../lib/gcc/aarch64-linux-gnu/10.3.0/../../../../aarch64-linux-gnu/include/c++/10.3.0/backward"
ignoring duplicate directory "/opt/linux/x86-arm/aarch64-mix410-linux/host_bin/../lib/gcc/../../lib/gcc/aarch64-linux-gnu/10.3.0/include"
ignoring nonexistent directory "/opt/linux/x86-arm/aarch64-mix410-linux/host_bin/../target/usr/local/include/aarch64-linux-gnu"
ignoring nonexistent directory "/opt/linux/x86-arm/aarch64-mix410-linux/host_bin/../target/usr/local/include"
ignoring duplicate directory "/opt/linux/x86-arm/aarch64-mix410-linux/host_bin/../lib/gcc/../../lib/gcc/aarch64-linux-gnu/10.3.0/include-fixed"
ignoring duplicate directory "/opt/linux/x86-arm/aarch64-mix410-linux/host_bin/../lib/gcc/../../lib/gcc/aarch64-linux-gnu/10.3.0/../../../../aarch64-linux-gnu/include"
ignoring nonexistent directory "/opt/linux/x86-arm/aarch64-mix410-linux/host_bin/../target/usr/include/aarch64-linux-gnu"
#include "..." search starts here:
#include <...> search starts here:
 /opt/linux/x86-arm/aarch64-mix410-linux/host_bin/../lib/gcc/aarch64-linux-gnu/10.3.0/../../../../aarch64-linux-gnu/include/c++/10.3.0
 /opt/linux/x86-arm/aarch64-mix410-linux/host_bin/../lib/gcc/aarch64-linux-gnu/10.3.0/../../../../aarch64-linux-gnu/include/c++/10.3.0/aarch64-linux-gnu
 /opt/linux/x86-arm/aarch64-mix410-linux/host_bin/../lib/gcc/aarch64-linux-gnu/10.3.0/../../../../aarch64-linux-gnu/include/c++/10.3.0/backward
 /opt/linux/x86-arm/aarch64-mix410-linux/host_bin/../lib/gcc/aarch64-linux-gnu/10.3.0/include
 /opt/linux/x86-arm/aarch64-mix410-linux/host_bin/../lib/gcc/aarch64-linux-gnu/10.3.0/include-fixed
 /opt/linux/x86-arm/aarch64-mix410-linux/host_bin/../lib/gcc/aarch64-linux-gnu/10.3.0/../../../../aarch64-linux-gnu/include
 /opt/linux/x86-arm/aarch64-mix410-linux/host_bin/../target/usr/include
End of search list.
GNU C++14 (GCC glibc-2.31 2022-03-01 16:58:50) version 10.3.0 (aarch64-linux-gnu)
	compiled by GNU C version 7.5.0, GMP version 6.2.1, MPFR version 4.0.2, MPC version 1.1.0, isl version isl-0.19-GMP

GGC heuristics: --param ggc-min-expand=30 --param ggc-min-heapsize=4096
Compiler executable checksum: cccfd90de6bdfcf630bd46f1c5057f33
COLLECT_GCC_OPTIONS='-v' '-o' 'CMakeFiles/cmTC_ffac1.dir/CMakeCXXCompilerABI.cpp.o' '-c' '-shared-libgcc' '-march=armv8-a' '-mlittle-endian' '-mabi=lp64'
 /opt/linux/x86-arm/aarch64-mix410-linux/host_bin/../lib/gcc/aarch64-linux-gnu/10.3.0/../../../../aarch64-linux-gnu/bin/as -v -EL -march=armv8-a -mabi=lp64 -o CMakeFiles/cmTC_ffac1.dir/CMakeCXXCompilerABI.cpp.o /tmp/ccxw33VB.s
GNU assembler version 2.34 (aarch64-linux-gnu) using BFD version (GCC glibc-2.31 2022-03-01 16:58:50) 2.34
COMPILER_PATH=/opt/linux/x86-arm/aarch64-mix410-linux/host_bin/../libexec/gcc/aarch64-linux-gnu/10.3.0/:/opt/linux/x86-arm/aarch64-mix410-linux/host_bin/../libexec/gcc/aarch64-linux-gnu/:/opt/linux/x86-arm/aarch64-mix410-linux/host_bin/../libexec/gcc/:/opt/linux/x86-arm/aarch64-mix410-linux/host_bin/../lib/gcc/aarch64-linux-gnu/10.3.0/../../../../aarch64-linux-gnu/bin/
LIBRARY_PATH=/opt/linux/x86-arm/aarch64-mix410-linux/host_bin/../lib/gcc/aarch64-linux-gnu/10.3.0/:/opt/linux/x86-arm/aarch64-mix410-linux/host_bin/../lib/gcc/aarch64-linux-gnu/:/opt/linux/x86-arm/aarch64-mix410-linux/host_bin/../lib/gcc/:/opt/linux/x86-arm/aarch64-mix410-linux/host_bin/../lib/gcc/aarch64-linux-gnu/10.3.0/../../../../aarch64-linux-gnu/lib/../lib64/:/opt/linux/x86-arm/aarch64-mix410-linux/host_bin/../lib/gcc/aarch64-linux-gnu/10.3.0/../../../../aarch64-linux-gnu/lib/:/opt/linux/x86-arm/aarch64-mix410-linux/host_bin/../target/lib/:/opt/linux/x86-arm/aarch64-mix410-linux/host_bin/../target/usr/lib/
COLLECT_GCC_OPTIONS='-v' '-o' 'CMakeFiles/cmTC_ffac1.dir/CMakeCXXCompilerABI.cpp.o' '-c' '-shared-libgcc' '-march=armv8-a' '-mlittle-endian' '-mabi=lp64'
Linking CXX executable cmTC_ffac1
/root/cmake-3.16.8-Linux-x86_64/bin/cmake -E cmake_link_script CMakeFiles/cmTC_ffac1.dir/link.txt --verbose=1
/opt/linux/x86-arm/aarch64-mix410-linux/bin/aarch64-mix410-linux-g++      -v CMakeFiles/cmTC_ffac1.dir/CMakeCXXCompilerABI.cpp.o  -o cmTC_ffac1 
Using built-in specs.
COLLECT_GCC=/opt/linux/x86-arm/aarch64-mix410-linux/bin/aarch64-mix410-linux-g++
COLLECT_LTO_WRAPPER=/opt/linux/x86-arm/aarch64-mix410-linux/host_bin/../libexec/gcc/aarch64-linux-gnu/10.3.0/lto-wrapper
Target: aarch64-linux-gnu
Configured with: /home/usr1/mix5/build/aarch64-mix410-linux/../../open_source/aarch64-mix410-linux_src/gcc/configure --build=x86_64-linux-gnu --host=x86_64-linux-gnu --target=aarch64-linux-gnu --with-arch=armv8-a --prefix=/home/usr1/mix5/build/aarch64-mix410-linux/aarch64_mix410_build_dir/aarch64_mix410 --enable-symvers=gnu --enable-threads --disable-libmudflap --enable-__cxa_atexit --disable-libssp --enable-gold=yes --disable-libstdcxx-pch --disable-multilib --enable-multiarch --with-gnu-as --with-gnu-ld --enable-libgomp --enable-libatomic --enable-gnu-indirect-function --enable-checking=yes --enable-lto --enable-c99 --enable-long-long --enable-nls --enable-fix-cortex-a53-835769 --enable-fix-cortex-a53-843419 --enable-shared --enable-poison-system-directories --disable-libitm --with-pkgversion='GCC glibc-2.31 2022-03-01 16:58:50' --enable-languages=c,c++ --with-headers=/home/usr1/mix5/build/aarch64-mix410-linux/aarch64_mix410_build_dir/aarch64_mix410/target/usr/include --with-sysroot=/home/usr1/mix5/build/aarch64-mix410-linux/aarch64_mix410_build_dir/aarch64_mix410/target --with-build-sysroot=/home/usr1/mix5/build/aarch64-mix410-linux/aarch64_mix410_build_dir/aarch64_mix410/target --with-gmp=/home/usr1/mix5/build/aarch64-mix410-linux/aarch64_mix410_build_dir/obj/host-libs/usr --with-isl=/home/usr1/mix5/build/aarch64-mix410-linux/aarch64_mix410_build_dir/obj/host-libs/usr --with-mpfr=/home/usr1/mix5/build/aarch64-mix410-linux/aarch64_mix410_build_dir/obj/host-libs/usr --with-mpc=/home/usr1/mix5/build/aarch64-mix410-linux/aarch64_mix410_build_dir/obj/host-libs/usr --with-build-time-tools=/home/usr1/mix5/build/aarch64-mix410-linux/aarch64_mix410_build_dir/aarch64_mix410/aarch64-linux-gnu/bin --libdir=/home/usr1/mix5/build/aarch64-mix410-linux/aarch64_mix410_build_dir/aarch64_mix410/lib --disable-bootstrap --with-system-zlib
Thread model: posix
Supported LTO compression algorithms: zlib
gcc version 10.3.0 (GCC glibc-2.31 2022-03-01 16:58:50) 
COMPILER_PATH=/opt/linux/x86-arm/aarch64-mix410-linux/host_bin/../libexec/gcc/aarch64-linux-gnu/10.3.0/:/opt/linux/x86-arm/aarch64-mix410-linux/host_bin/../libexec/gcc/aarch64-linux-gnu/:/opt/linux/x86-arm/aarch64-mix410-linux/host_bin/../libexec/gcc/:/opt/linux/x86-arm/aarch64-mix410-linux/host_bin/../lib/gcc/aarch64-linux-gnu/10.3.0/../../../../aarch64-linux-gnu/bin/
LIBRARY_PATH=/opt/linux/x86-arm/aarch64-mix410-linux/host_bin/../lib/gcc/aarch64-linux-gnu/10.3.0/:/opt/linux/x86-arm/aarch64-mix410-linux/host_bin/../lib/gcc/aarch64-linux-gnu/:/opt/linux/x86-arm/aarch64-mix410-linux/host_bin/../lib/gcc/:/opt/linux/x86-arm/aarch64-mix410-linux/host_bin/../lib/gcc/aarch64-linux-gnu/10.3.0/../../../../aarch64-linux-gnu/lib/../lib64/:/opt/linux/x86-arm/aarch64-mix410-linux/host_bin/../lib/gcc/aarch64-linux-gnu/10.3.0/../../../../aarch64-linux-gnu/lib/:/opt/linux/x86-arm/aarch64-mix410-linux/host_bin/../target/lib/:/opt/linux/x86-arm/aarch64-mix410-linux/host_bin/../target/usr/lib/
COLLECT_GCC_OPTIONS='-v' '-o' 'cmTC_ffac1' '-shared-libgcc' '-march=armv8-a' '-mlittle-endian' '-mabi=lp64'
 /opt/linux/x86-arm/aarch64-mix410-linux/host_bin/../libexec/gcc/aarch64-linux-gnu/10.3.0/collect2 -plugin /opt/linux/x86-arm/aarch64-mix410-linux/host_bin/../libexec/gcc/aarch64-linux-gnu/10.3.0/liblto_plugin.so -plugin-opt=/opt/linux/x86-arm/aarch64-mix410-linux/host_bin/../libexec/gcc/aarch64-linux-gnu/10.3.0/lto-wrapper -plugin-opt=-fresolution=/tmp/cctrUweH.res -plugin-opt=-pass-through=-lgcc_s -plugin-opt=-pass-through=-lgcc -plugin-opt=-pass-through=-lc -plugin-opt=-pass-through=-lgcc_s -plugin-opt=-pass-through=-lgcc --sysroot=/opt/linux/x86-arm/aarch64-mix410-linux/host_bin/../target --eh-frame-hdr -dynamic-linker /lib/ld-linux-aarch64.so.1 -X -EL -maarch64linux --fix-cortex-a53-835769 --fix-cortex-a53-843419 -o cmTC_ffac1 /opt/linux/x86-arm/aarch64-mix410-linux/host_bin/../target/usr/lib/crt1.o /opt/linux/x86-arm/aarch64-mix410-linux/host_bin/../target/usr/lib/crti.o /opt/linux/x86-arm/aarch64-mix410-linux/host_bin/../lib/gcc/aarch64-linux-gnu/10.3.0/crtbegin.o -L/opt/linux/x86-arm/aarch64-mix410-linux/host_bin/../lib/gcc/aarch64-linux-gnu/10.3.0 -L/opt/linux/x86-arm/aarch64-mix410-linux/host_bin/../lib/gcc/aarch64-linux-gnu -L/opt/linux/x86-arm/aarch64-mix410-linux/host_bin/../lib/gcc -L/opt/linux/x86-arm/aarch64-mix410-linux/host_bin/../lib/gcc/aarch64-linux-gnu/10.3.0/../../../../aarch64-linux-gnu/lib/../lib64 -L/opt/linux/x86-arm/aarch64-mix410-linux/host_bin/../lib/gcc/aarch64-linux-gnu/10.3.0/../../../../aarch64-linux-gnu/lib -L/opt/linux/x86-arm/aarch64-mix410-linux/host_bin/../target/lib -L/opt/linux/x86-arm/aarch64-mix410-linux/host_bin/../target/usr/lib CMakeFiles/cmTC_ffac1.dir/CMakeCXXCompilerABI.cpp.o -lstdc++ -lm -lgcc_s -lgcc -lc -lgcc_s -lgcc /opt/linux/x86-arm/aarch64-mix410-linux/host_bin/../lib/gcc/aarch64-linux-gnu/10.3.0/crtend.o /opt/linux/x86-arm/aarch64-mix410-linux/host_bin/../target/usr/lib/crtn.o
COLLECT_GCC_OPTIONS='-v' '-o' 'cmTC_ffac1' '-shared-libgcc' '-march=armv8-a' '-mlittle-endian' '-mabi=lp64'
make[1]: Leaving directory '/root/yolov8/build/CMakeFiles/CMakeTmp'



Parsed CXX implicit include dir info from above output: rv=done
  found start of include info
  found start of implicit include info
    add: [/opt/linux/x86-arm/aarch64-mix410-linux/host_bin/../lib/gcc/aarch64-linux-gnu/10.3.0/../../../../aarch64-linux-gnu/include/c++/10.3.0]
    add: [/opt/linux/x86-arm/aarch64-mix410-linux/host_bin/../lib/gcc/aarch64-linux-gnu/10.3.0/../../../../aarch64-linux-gnu/include/c++/10.3.0/aarch64-linux-gnu]
    add: [/opt/linux/x86-arm/aarch64-mix410-linux/host_bin/../lib/gcc/aarch64-linux-gnu/10.3.0/../../../../aarch64-linux-gnu/include/c++/10.3.0/backward]
    add: [/opt/linux/x86-arm/aarch64-mix410-linux/host_bin/../lib/gcc/aarch64-linux-gnu/10.3.0/include]
    add: [/opt/linux/x86-arm/aarch64-mix410-linux/host_bin/../lib/gcc/aarch64-linux-gnu/10.3.0/include-fixed]
    add: [/opt/linux/x86-arm/aarch64-mix410-linux/host_bin/../lib/gcc/aarch64-linux-gnu/10.3.0/../../../../aarch64-linux-gnu/include]
    add: [/opt/linux/x86-arm/aarch64-mix410-linux/host_bin/../target/usr/include]
  end of search list found
  collapse include dir [/opt/linux/x86-arm/aarch64-mix410-linux/host_bin/../lib/gcc/aarch64-linux-gnu/10.3.0/../../../../aarch64-linux-gnu/include/c++/10.3.0] ==> [/opt/linux/x86-arm/aarch64-mix410-linux/aarch64-linux-gnu/include/c++/10.3.0]
  collapse include dir [/opt/linux/x86-arm/aarch64-mix410-linux/host_bin/../lib/gcc/aarch64-linux-gnu/10.3.0/../../../../aarch64-linux-gnu/include/c++/10.3.0/aarch64-linux-gnu] ==> [/opt/linux/x86-arm/aarch64-mix410-linux/aarch64-linux-gnu/include/c++/10.3.0/aarch64-linux-gnu]
  collapse include dir [/opt/linux/x86-arm/aarch64-mix410-linux/host_bin/../lib/gcc/aarch64-linux-gnu/10.3.0/../../../../aarch64-linux-gnu/include/c++/10.3.0/backward] ==> [/opt/linux/x86-arm/aarch64-mix410-linux/aarch64-linux-gnu/include/c++/10.3.0/backward]
  collapse include dir [/opt/linux/x86-arm/aarch64-mix410-linux/host_bin/../lib/gcc/aarch64-linux-gnu/10.3.0/include] ==> [/opt/linux/x86-arm/aarch64-mix410-linux/lib/gcc/aarch64-linux-gnu/10.3.0/include]
  collapse include dir [/opt/linux/x86-arm/aarch64-mix410-linux/host_bin/../lib/gcc/aarch64-linux-gnu/10.3.0/include-fixed] ==> [/opt/linux/x86-arm/aarch64-mix410-linux/lib/gcc/aarch64-linux-gnu/10.3.0/include-fixed]
  collapse include dir [/opt/linux/x86-arm/aarch64-mix410-linux/host_bin/../lib/gcc/aarch64-linux-gnu/10.3.0/../../../../aarch64-linux-gnu/include] ==> [/opt/linux/x86-arm/aarch64-mix410-linux/aarch64-linux-gnu/include]
  collapse include dir [/opt/linux/x86-arm/aarch64-mix410-linux/host_bin/../target/usr/include] ==> [/opt/linux/x86-arm/aarch64-mix410-linux/target/usr/include]
  implicit include dirs: [/opt/linux/x86-arm/aarch64-mix410-linux/aarch64-linux-gnu/include/c++/10.3.0;/opt/linux/x86-arm/aarch64-mix410-linux/aarch64-linux-gnu/include/c++/10.3.0/aarch64-linux-gnu;/opt/linux/x86-arm/aarch64-mix410-linux/aarch64-linux-gnu/include/c++/10.3.0/backward;/opt/linux/x86-arm/aarch64-mix410-linux/lib/gcc/aarch64-linux-gnu/10.3.0/include;/opt/linux/x86-arm/aarch64-mix410-linux/lib/gcc/aarch64-linux-gnu/10.3.0/include-fixed;/opt/linux/x86-arm/aarch64-mix410-linux/aarch64-linux-gnu/include;/opt/linux/x86-arm/aarch64-mix410-linux/target/usr/include]


Parsed CXX implicit link information from above output:
  link line regex: [^( *|.*[/\])(ld|CMAKE_LINK_STARTFILE-NOTFOUND|([^/\]+-)?ld|collect2)[^/\]*( |$)]
  ignore line: [Change Dir: /root/yolov8/build/CMakeFiles/CMakeTmp]
  ignore line: []
  ignore line: [Run Build Command(s):/usr/bin/make cmTC_ffac1/fast && /usr/bin/make  -f CMakeFiles/cmTC_ffac1.dir/build.make CMakeFiles/cmTC_ffac1.dir/build]
  ignore line: [make[1]: Entering directory '/root/yolov8/build/CMakeFiles/CMakeTmp']
  ignore line: [Building CXX object CMakeFiles/cmTC_ffac1.dir/CMakeCXXCompilerABI.cpp.o]
  ignore line: [/opt/linux/x86-arm/aarch64-mix410-linux/bin/aarch64-mix410-linux-g++    -v -o CMakeFiles/cmTC_ffac1.dir/CMakeCXXCompilerABI.cpp.o -c /root/cmake-3.16.8-Linux-x86_64/share/cmake-3.16/Modules/CMakeCXXCompilerABI.cpp]
  ignore line: [Using built-in specs.]
  ignore line: [COLLECT_GCC=/opt/linux/x86-arm/aarch64-mix410-linux/bin/aarch64-mix410-linux-g++]
  ignore line: [Target: aarch64-linux-gnu]
  ignore line: [Configured with: /home/usr1/mix5/build/aarch64-mix410-linux/../../open_source/aarch64-mix410-linux_src/gcc/configure --build=x86_64-linux-gnu --host=x86_64-linux-gnu --target=aarch64-linux-gnu --with-arch=armv8-a --prefix=/home/usr1/mix5/build/aarch64-mix410-linux/aarch64_mix410_build_dir/aarch64_mix410 --enable-symvers=gnu --enable-threads --disable-libmudflap --enable-__cxa_atexit --disable-libssp --enable-gold=yes --disable-libstdcxx-pch --disable-multilib --enable-multiarch --with-gnu-as --with-gnu-ld --enable-libgomp --enable-libatomic --enable-gnu-indirect-function --enable-checking=yes --enable-lto --enable-c99 --enable-long-long --enable-nls --enable-fix-cortex-a53-835769 --enable-fix-cortex-a53-843419 --enable-shared --enable-poison-system-directories --disable-libitm --with-pkgversion='GCC glibc-2.31 2022-03-01 16:58:50' --enable-languages=c,c++ --with-headers=/home/usr1/mix5/build/aarch64-mix410-linux/aarch64_mix410_build_dir/aarch64_mix410/target/usr/include --with-sysroot=/home/usr1/mix5/build/aarch64-mix410-linux/aarch64_mix410_build_dir/aarch64_mix410/target --with-build-sysroot=/home/usr1/mix5/build/aarch64-mix410-linux/aarch64_mix410_build_dir/aarch64_mix410/target --with-gmp=/home/usr1/mix5/build/aarch64-mix410-linux/aarch64_mix410_build_dir/obj/host-libs/usr --with-isl=/home/usr1/mix5/build/aarch64-mix410-linux/aarch64_mix410_build_dir/obj/host-libs/usr --with-mpfr=/home/usr1/mix5/build/aarch64-mix410-linux/aarch64_mix410_build_dir/obj/host-libs/usr --with-mpc=/home/usr1/mix5/build/aarch64-mix410-linux/aarch64_mix410_build_dir/obj/host-libs/usr --with-build-time-tools=/home/usr1/mix5/build/aarch64-mix410-linux/aarch64_mix410_build_dir/aarch64_mix410/aarch64-linux-gnu/bin --libdir=/home/usr1/mix5/build/aarch64-mix410-linux/aarch64_mix410_build_dir/aarch64_mix410/lib --disable-bootstrap --with-system-zlib]
  ignore line: [Thread model: posix]
  ignore line: [Supported LTO compression algorithms: zlib]
  ignore line: [gcc version 10.3.0 (GCC glibc-2.31 2022-03-01 16:58:50) ]
  ignore line: [COLLECT_GCC_OPTIONS='-v' '-o' 'CMakeFiles/cmTC_ffac1.dir/CMakeCXXCompilerABI.cpp.o' '-c' '-shared-libgcc' '-march=armv8-a' '-mlittle-endian' '-mabi=lp64']
  ignore line: [ /opt/linux/x86-arm/aarch64-mix410-linux/host_bin/../libexec/gcc/aarch64-linux-gnu/10.3.0/cc1plus -quiet -v -imultiarch aarch64-linux-gnu -iprefix /opt/linux/x86-arm/aarch64-mix410-linux/host_bin/../lib/gcc/aarch64-linux-gnu/10.3.0/ -isysroot /opt/linux/x86-arm/aarch64-mix410-linux/host_bin/../target -D_GNU_SOURCE /root/cmake-3.16.8-Linux-x86_64/share/cmake-3.16/Modules/CMakeCXXCompilerABI.cpp -quiet -dumpbase CMakeCXXCompilerABI.cpp -march=armv8-a -mlittle-endian -mabi=lp64 -auxbase-strip CMakeFiles/cmTC_ffac1.dir/CMakeCXXCompilerABI.cpp.o -version -o /tmp/ccxw33VB.s]
  ignore line: [GNU C++14 (GCC glibc-2.31 2022-03-01 16:58:50) version 10.3.0 (aarch64-linux-gnu)]
  ignore line: [	compiled by GNU C version 7.5.0  GMP version 6.2.1  MPFR version 4.0.2  MPC version 1.1.0  isl version isl-0.19-GMP]
  ignore line: []
  ignore line: [GGC heuristics: --param ggc-min-expand=30 --param ggc-min-heapsize=4096]
  ignore line: [ignoring duplicate directory "/opt/linux/x86-arm/aarch64-mix410-linux/host_bin/../lib/gcc/../../lib/gcc/aarch64-linux-gnu/10.3.0/../../../../aarch64-linux-gnu/include/c++/10.3.0"]
  ignore line: [ignoring duplicate directory "/opt/linux/x86-arm/aarch64-mix410-linux/host_bin/../lib/gcc/../../lib/gcc/aarch64-linux-gnu/10.3.0/../../../../aarch64-linux-gnu/include/c++/10.3.0/aarch64-linux-gnu"]
  ignore line: [ignoring duplicate directory "/opt/linux/x86-arm/aarch64-mix410-linux/host_bin/../lib/gcc/../../lib/gcc/aarch64-linux-gnu/10.3.0/../../../../aarch64-linux-gnu/include/c++/10.3.0/backward"]
  ignore line: [ignoring duplicate directory "/opt/linux/x86-arm/aarch64-mix410-linux/host_bin/../lib/gcc/../../lib/gcc/aarch64-linux-gnu/10.3.0/include"]
  ignore line: [ignoring nonexistent directory "/opt/linux/x86-arm/aarch64-mix410-linux/host_bin/../target/usr/local/include/aarch64-linux-gnu"]
  ignore line: [ignoring nonexistent directory "/opt/linux/x86-arm/aarch64-mix410-linux/host_bin/../target/usr/local/include"]
  ignore line: [ignoring duplicate directory "/opt/linux/x86-arm/aarch64-mix410-linux/host_bin/../lib/gcc/../../lib/gcc/aarch64-linux-gnu/10.3.0/include-fixed"]
  ignore line: [ignoring duplicate directory "/opt/linux/x86-arm/aarch64-mix410-linux/host_bin/../lib/gcc/../../lib/gcc/aarch64-linux-gnu/10.3.0/../../../../aarch64-linux-gnu/include"]
  ignore line: [ignoring nonexistent directory "/opt/linux/x86-arm/aarch64-mix410-linux/host_bin/../target/usr/include/aarch64-linux-gnu"]
  ignore line: [#include "..." search starts here:]
  ignore line: [#include <...> search starts here:]
  ignore line: [ /opt/linux/x86-arm/aarch64-mix410-linux/host_bin/../lib/gcc/aarch64-linux-gnu/10.3.0/../../../../aarch64-linux-gnu/include/c++/10.3.0]
  ignore line: [ /opt/linux/x86-arm/aarch64-mix410-linux/host_bin/../lib/gcc/aarch64-linux-gnu/10.3.0/../../../../aarch64-linux-gnu/include/c++/10.3.0/aarch64-linux-gnu]
  ignore line: [ /opt/linux/x86-arm/aarch64-mix410-linux/host_bin/../lib/gcc/aarch64-linux-gnu/10.3.0/../../../../aarch64-linux-gnu/include/c++/10.3.0/backward]
  ignore line: [ /opt/linux/x86-arm/aarch64-mix410-linux/host_bin/../lib/gcc/aarch64-linux-gnu/10.3.0/include]
  ignore line: [ /opt/linux/x86-arm/aarch64-mix410-linux/host_bin/../lib/gcc/aarch64-linux-gnu/10.3.0/include-fixed]
  ignore line: [ /opt/linux/x86-arm/aarch64-mix410-linux/host_bin/../lib/gcc/aarch64-linux-gnu/10.3.0/../../../../aarch64-linux-gnu/include]
  ignore line: [ /opt/linux/x86-arm/aarch64-mix410-linux/host_bin/../target/usr/include]
  ignore line: [End of search list.]
  ignore line: [GNU C++14 (GCC glibc-2.31 2022-03-01 16:58:50) version 10.3.0 (aarch64-linux-gnu)]
  ignore line: [	compiled by GNU C version 7.5.0  GMP version 6.2.1  MPFR version 4.0.2  MPC version 1.1.0  isl version isl-0.19-GMP]
  ignore line: []
  ignore line: [GGC heuristics: --param ggc-min-expand=30 --param ggc-min-heapsize=4096]
  ignore line: [Compiler executable checksum: cccfd90de6bdfcf630bd46f1c5057f33]
  ignore line: [COLLECT_GCC_OPTIONS='-v' '-o' 'CMakeFiles/cmTC_ffac1.dir/CMakeCXXCompilerABI.cpp.o' '-c' '-shared-libgcc' '-march=armv8-a' '-mlittle-endian' '-mabi=lp64']
  ignore line: [ /opt/linux/x86-arm/aarch64-mix410-linux/host_bin/../lib/gcc/aarch64-linux-gnu/10.3.0/../../../../aarch64-linux-gnu/bin/as -v -EL -march=armv8-a -mabi=lp64 -o CMakeFiles/cmTC_ffac1.dir/CMakeCXXCompilerABI.cpp.o /tmp/ccxw33VB.s]
  ignore line: [GNU assembler version 2.34 (aarch64-linux-gnu) using BFD version (GCC glibc-2.31 2022-03-01 16:58:50) 2.34]
  ignore line: [COMPILER_PATH=/opt/linux/x86-arm/aarch64-mix410-linux/host_bin/../libexec/gcc/aarch64-linux-gnu/10.3.0/:/opt/linux/x86-arm/aarch64-mix410-linux/host_bin/../libexec/gcc/aarch64-linux-gnu/:/opt/linux/x86-arm/aarch64-mix410-linux/host_bin/../libexec/gcc/:/opt/linux/x86-arm/aarch64-mix410-linux/host_bin/../lib/gcc/aarch64-linux-gnu/10.3.0/../../../../aarch64-linux-gnu/bin/]
  ignore line: [LIBRARY_PATH=/opt/linux/x86-arm/aarch64-mix410-linux/host_bin/../lib/gcc/aarch64-linux-gnu/10.3.0/:/opt/linux/x86-arm/aarch64-mix410-linux/host_bin/../lib/gcc/aarch64-linux-gnu/:/opt/linux/x86-arm/aarch64-mix410-linux/host_bin/../lib/gcc/:/opt/linux/x86-arm/aarch64-mix410-linux/host_bin/../lib/gcc/aarch64-linux-gnu/10.3.0/../../../../aarch64-linux-gnu/lib/../lib64/:/opt/linux/x86-arm/aarch64-mix410-linux/host_bin/../lib/gcc/aarch64-linux-gnu/10.3.0/../../../../aarch64-linux-gnu/lib/:/opt/linux/x86-arm/aarch64-mix410-linux/host_bin/../target/lib/:/opt/linux/x86-arm/aarch64-mix410-linux/host_bin/../target/usr/lib/]
  ignore line: [COLLECT_GCC_OPTIONS='-v' '-o' 'CMakeFiles/cmTC_ffac1.dir/CMakeCXXCompilerABI.cpp.o' '-c' '-shared-libgcc' '-march=armv8-a' '-mlittle-endian' '-mabi=lp64']
  ignore line: [Linking CXX executable cmTC_ffac1]
  ignore line: [/root/cmake-3.16.8-Linux-x86_64/bin/cmake -E cmake_link_script CMakeFiles/cmTC_ffac1.dir/link.txt --verbose=1]
  ignore line: [/opt/linux/x86-arm/aarch64-mix410-linux/bin/aarch64-mix410-linux-g++      -v CMakeFiles/cmTC_ffac1.dir/CMakeCXXCompilerABI.cpp.o  -o cmTC_ffac1 ]
  ignore line: [Using built-in specs.]
  ignore line: [COLLECT_GCC=/opt/linux/x86-arm/aarch64-mix410-linux/bin/aarch64-mix410-linux-g++]
  ignore line: [COLLECT_LTO_WRAPPER=/opt/linux/x86-arm/aarch64-mix410-linux/host_bin/../libexec/gcc/aarch64-linux-gnu/10.3.0/lto-wrapper]
  ignore line: [Target: aarch64-linux-gnu]
  ignore line: [Configured with: /home/usr1/mix5/build/aarch64-mix410-linux/../../open_source/aarch64-mix410-linux_src/gcc/configure --build=x86_64-linux-gnu --host=x86_64-linux-gnu --target=aarch64-linux-gnu --with-arch=armv8-a --prefix=/home/usr1/mix5/build/aarch64-mix410-linux/aarch64_mix410_build_dir/aarch64_mix410 --enable-symvers=gnu --enable-threads --disable-libmudflap --enable-__cxa_atexit --disable-libssp --enable-gold=yes --disable-libstdcxx-pch --disable-multilib --enable-multiarch --with-gnu-as --with-gnu-ld --enable-libgomp --enable-libatomic --enable-gnu-indirect-function --enable-checking=yes --enable-lto --enable-c99 --enable-long-long --enable-nls --enable-fix-cortex-a53-835769 --enable-fix-cortex-a53-843419 --enable-shared --enable-poison-system-directories --disable-libitm --with-pkgversion='GCC glibc-2.31 2022-03-01 16:58:50' --enable-languages=c,c++ --with-headers=/home/usr1/mix5/build/aarch64-mix410-linux/aarch64_mix410_build_dir/aarch64_mix410/target/usr/include --with-sysroot=/home/usr1/mix5/build/aarch64-mix410-linux/aarch64_mix410_build_dir/aarch64_mix410/target --with-build-sysroot=/home/usr1/mix5/build/aarch64-mix410-linux/aarch64_mix410_build_dir/aarch64_mix410/target --with-gmp=/home/usr1/mix5/build/aarch64-mix410-linux/aarch64_mix410_build_dir/obj/host-libs/usr --with-isl=/home/usr1/mix5/build/aarch64-mix410-linux/aarch64_mix410_build_dir/obj/host-libs/usr --with-mpfr=/home/usr1/mix5/build/aarch64-mix410-linux/aarch64_mix410_build_dir/obj/host-libs/usr --with-mpc=/home/usr1/mix5/build/aarch64-mix410-linux/aarch64_mix410_build_dir/obj/host-libs/usr --with-build-time-tools=/home/usr1/mix5/build/aarch64-mix410-linux/aarch64_mix410_build_dir/aarch64_mix410/aarch64-linux-gnu/bin --libdir=/home/usr1/mix5/build/aarch64-mix410-linux/aarch64_mix410_build_dir/aarch64_mix410/lib --disable-bootstrap --with-system-zlib]
  ignore line: [Thread model: posix]
  ignore line: [Supported LTO compression algorithms: zlib]
  ignore line: [gcc version 10.3.0 (GCC glibc-2.31 2022-03-01 16:58:50) ]
  ignore line: [COMPILER_PATH=/opt/linux/x86-arm/aarch64-mix410-linux/host_bin/../libexec/gcc/aarch64-linux-gnu/10.3.0/:/opt/linux/x86-arm/aarch64-mix410-linux/host_bin/../libexec/gcc/aarch64-linux-gnu/:/opt/linux/x86-arm/aarch64-mix410-linux/host_bin/../libexec/gcc/:/opt/linux/x86-arm/aarch64-mix410-linux/host_bin/../lib/gcc/aarch64-linux-gnu/10.3.0/../../../../aarch64-linux-gnu/bin/]
  ignore line: [LIBRARY_PATH=/opt/linux/x86-arm/aarch64-mix410-linux/host_bin/../lib/gcc/aarch64-linux-gnu/10.3.0/:/opt/linux/x86-arm/aarch64-mix410-linux/host_bin/../lib/gcc/aarch64-linux-gnu/:/opt/linux/x86-arm/aarch64-mix410-linux/host_bin/../lib/gcc/:/opt/linux/x86-arm/aarch64-mix410-linux/host_bin/../lib/gcc/aarch64-linux-gnu/10.3.0/../../../../aarch64-linux-gnu/lib/../lib64/:/opt/linux/x86-arm/aarch64-mix410-linux/host_bin/../lib/gcc/aarch64-linux-gnu/10.3.0/../../../../aarch64-linux-gnu/lib/:/opt/linux/x86-arm/aarch64-mix410-linux/host_bin/../target/lib/:/opt/linux/x86-arm/aarch64-mix410-linux/host_bin/../target/usr/lib/]
  ignore line: [COLLECT_GCC_OPTIONS='-v' '-o' 'cmTC_ffac1' '-shared-libgcc' '-march=armv8-a' '-mlittle-endian' '-mabi=lp64']
  link line: [ /opt/linux/x86-arm/aarch64-mix410-linux/host_bin/../libexec/gcc/aarch64-linux-gnu/10.3.0/collect2 -plugin /opt/linux/x86-arm/aarch64-mix410-linux/host_bin/../libexec/gcc/aarch64-linux-gnu/10.3.0/liblto_plugin.so -plugin-opt=/opt/linux/x86-arm/aarch64-mix410-linux/host_bin/../libexec/gcc/aarch64-linux-gnu/10.3.0/lto-wrapper -plugin-opt=-fresolution=/tmp/cctrUweH.res -plugin-opt=-pass-through=-lgcc_s -plugin-opt=-pass-through=-lgcc -plugin-opt=-pass-through=-lc -plugin-opt=-pass-through=-lgcc_s -plugin-opt=-pass-through=-lgcc --sysroot=/opt/linux/x86-arm/aarch64-mix410-linux/host_bin/../target --eh-frame-hdr -dynamic-linker /lib/ld-linux-aarch64.so.1 -X -EL -maarch64linux --fix-cortex-a53-835769 --fix-cortex-a53-843419 -o cmTC_ffac1 /opt/linux/x86-arm/aarch64-mix410-linux/host_bin/../target/usr/lib/crt1.o /opt/linux/x86-arm/aarch64-mix410-linux/host_bin/../target/usr/lib/crti.o /opt/linux/x86-arm/aarch64-mix410-linux/host_bin/../lib/gcc/aarch64-linux-gnu/10.3.0/crtbegin.o -L/opt/linux/x86-arm/aarch64-mix410-linux/host_bin/../lib/gcc/aarch64-linux-gnu/10.3.0 -L/opt/linux/x86-arm/aarch64-mix410-linux/host_bin/../lib/gcc/aarch64-linux-gnu -L/opt/linux/x86-arm/aarch64-mix410-linux/host_bin/../lib/gcc -L/opt/linux/x86-arm/aarch64-mix410-linux/host_bin/../lib/gcc/aarch64-linux-gnu/10.3.0/../../../../aarch64-linux-gnu/lib/../lib64 -L/opt/linux/x86-arm/aarch64-mix410-linux/host_bin/../lib/gcc/aarch64-linux-gnu/10.3.0/../../../../aarch64-linux-gnu/lib -L/opt/linux/x86-arm/aarch64-mix410-linux/host_bin/../target/lib -L/opt/linux/x86-arm/aarch64-mix410-linux/host_bin/../target/usr/lib CMakeFiles/cmTC_ffac1.dir/CMakeCXXCompilerABI.cpp.o -lstdc++ -lm -lgcc_s -lgcc -lc -lgcc_s -lgcc /opt/linux/x86-arm/aarch64-mix410-linux/host_bin/../lib/gcc/aarch64-linux-gnu/10.3.0/crtend.o /opt/linux/x86-arm/aarch64-mix410-linux/host_bin/../target/usr/lib/crtn.o]
    arg [/opt/linux/x86-arm/aarch64-mix410-linux/host_bin/../libexec/gcc/aarch64-linux-gnu/10.3.0/collect2] ==> ignore
    arg [-plugin] ==> ignore
    arg [/opt/linux/x86-arm/aarch64-mix410-linux/host_bin/../libexec/gcc/aarch64-linux-gnu/10.3.0/liblto_plugin.so] ==> ignore
    arg [-plugin-opt=/opt/linux/x86-arm/aarch64-mix410-linux/host_bin/../libexec/gcc/aarch64-linux-gnu/10.3.0/lto-wrapper] ==> ignore
    arg [-plugin-opt=-fresolution=/tmp/cctrUweH.res] ==> ignore
    arg [-plugin-opt=-pass-through=-lgcc_s] ==> ignore
    arg [-plugin-opt=-pass-through=-lgcc] ==> ignore
    arg [-plugin-opt=-pass-through=-lc] ==> ignore
    arg [-plugin-opt=-pass-through=-lgcc_s] ==> ignore
    arg [-plugin-opt=-pass-through=-lgcc] ==> ignore
    arg [--sysroot=/opt/linux/x86-arm/aarch64-mix410-linux/host_bin/../target] ==> ignore
    arg [--eh-frame-hdr] ==> ignore
    arg [-dynamic-linker] ==> ignore
    arg [/lib/ld-linux-aarch64.so.1] ==> ignore
    arg [-X] ==> ignore
    arg [-EL] ==> ignore
    arg [-maarch64linux] ==> ignore
    arg [--fix-cortex-a53-835769] ==> ignore
    arg [--fix-cortex-a53-843419] ==> ignore
    arg [-o] ==> ignore
    arg [cmTC_ffac1] ==> ignore
    arg [/opt/linux/x86-arm/aarch64-mix410-linux/host_bin/../target/usr/lib/crt1.o] ==> ignore
    arg [/opt/linux/x86-arm/aarch64-mix410-linux/host_bin/../target/usr/lib/crti.o] ==> ignore
    arg [/opt/linux/x86-arm/aarch64-mix410-linux/host_bin/../lib/gcc/aarch64-linux-gnu/10.3.0/crtbegin.o] ==> ignore
    arg [-L/opt/linux/x86-arm/aarch64-mix410-linux/host_bin/../lib/gcc/aarch64-linux-gnu/10.3.0] ==> dir [/opt/linux/x86-arm/aarch64-mix410-linux/host_bin/../lib/gcc/aarch64-linux-gnu/10.3.0]
    arg [-L/opt/linux/x86-arm/aarch64-mix410-linux/host_bin/../lib/gcc/aarch64-linux-gnu] ==> dir [/opt/linux/x86-arm/aarch64-mix410-linux/host_bin/../lib/gcc/aarch64-linux-gnu]
    arg [-L/opt/linux/x86-arm/aarch64-mix410-linux/host_bin/../lib/gcc] ==> dir [/opt/linux/x86-arm/aarch64-mix410-linux/host_bin/../lib/gcc]
    arg [-L/opt/linux/x86-arm/aarch64-mix410-linux/host_bin/../lib/gcc/aarch64-linux-gnu/10.3.0/../../../../aarch64-linux-gnu/lib/../lib64] ==> dir [/opt/linux/x86-arm/aarch64-mix410-linux/host_bin/../lib/gcc/aarch64-linux-gnu/10.3.0/../../../../aarch64-linux-gnu/lib/../lib64]
    arg [-L/opt/linux/x86-arm/aarch64-mix410-linux/host_bin/../lib/gcc/aarch64-linux-gnu/10.3.0/../../../../aarch64-linux-gnu/lib] ==> dir [/opt/linux/x86-arm/aarch64-mix410-linux/host_bin/../lib/gcc/aarch64-linux-gnu/10.3.0/../../../../aarch64-linux-gnu/lib]
    arg [-L/opt/linux/x86-arm/aarch64-mix410-linux/host_bin/../target/lib] ==> dir [/opt/linux/x86-arm/aarch64-mix410-linux/host_bin/../target/lib]
    arg [-L/opt/linux/x86-arm/aarch64-mix410-linux/host_bin/../target/usr/lib] ==> dir [/opt/linux/x86-arm/aarch64-mix410-linux/host_bin/../target/usr/lib]
    arg [CMakeFiles/cmTC_ffac1.dir/CMakeCXXCompilerABI.cpp.o] ==> ignore
    arg [-lstdc++] ==> lib [stdc++]
    arg [-lm] ==> lib [m]
    arg [-lgcc_s] ==> lib [gcc_s]
    arg [-lgcc] ==> lib [gcc]
    arg [-lc] ==> lib [c]
    arg [-lgcc_s] ==> lib [gcc_s]
    arg [-lgcc] ==> lib [gcc]
    arg [/opt/linux/x86-arm/aarch64-mix410-linux/host_bin/../lib/gcc/aarch64-linux-gnu/10.3.0/crtend.o] ==> ignore
    arg [/opt/linux/x86-arm/aarch64-mix410-linux/host_bin/../target/usr/lib/crtn.o] ==> ignore
  collapse library dir [/opt/linux/x86-arm/aarch64-mix410-linux/host_bin/../lib/gcc/aarch64-linux-gnu/10.3.0] ==> [/opt/linux/x86-arm/aarch64-mix410-linux/lib/gcc/aarch64-linux-gnu/10.3.0]
  collapse library dir [/opt/linux/x86-arm/aarch64-mix410-linux/host_bin/../lib/gcc/aarch64-linux-gnu] ==> [/opt/linux/x86-arm/aarch64-mix410-linux/lib/gcc/aarch64-linux-gnu]
  collapse library dir [/opt/linux/x86-arm/aarch64-mix410-linux/host_bin/../lib/gcc] ==> [/opt/linux/x86-arm/aarch64-mix410-linux/lib/gcc]
  collapse library dir [/opt/linux/x86-arm/aarch64-mix410-linux/host_bin/../lib/gcc/aarch64-linux-gnu/10.3.0/../../../../aarch64-linux-gnu/lib/../lib64] ==> [/opt/linux/x86-arm/aarch64-mix410-linux/aarch64-linux-gnu/lib64]
  collapse library dir [/opt/linux/x86-arm/aarch64-mix410-linux/host_bin/../lib/gcc/aarch64-linux-gnu/10.3.0/../../../../aarch64-linux-gnu/lib] ==> [/opt/linux/x86-arm/aarch64-mix410-linux/aarch64-linux-gnu/lib]
  collapse library dir [/opt/linux/x86-arm/aarch64-mix410-linux/host_bin/../target/lib] ==> [/opt/linux/x86-arm/aarch64-mix410-linux/target/lib]
  collapse library dir [/opt/linux/x86-arm/aarch64-mix410-linux/host_bin/../target/usr/lib] ==> [/opt/linux/x86-arm/aarch64-mix410-linux/target/usr/lib]
  implicit libs: [stdc++;m;gcc_s;gcc;c;gcc_s;gcc]
  implicit dirs: [/opt/linux/x86-arm/aarch64-mix410-linux/lib/gcc/aarch64-linux-gnu/10.3.0;/opt/linux/x86-arm/aarch64-mix410-linux/lib/gcc/aarch64-linux-gnu;/opt/linux/x86-arm/aarch64-mix410-linux/lib/gcc;/opt/linux/x86-arm/aarch64-mix410-linux/aarch64-linux-gnu/lib64;/opt/linux/x86-arm/aarch64-mix410-linux/aarch64-linux-gnu/lib;/opt/linux/x86-arm/aarch64-mix410-linux/target/lib;/opt/linux/x86-arm/aarch64-mix410-linux/target/usr/lib]
  implicit fwks: []


